<?xml version="1.0" encoding="UTF-8"?>
<!-- Generated by org.testng.reporters.JUnitReportReporter -->
<testsuite hostname="LTIN205499" failures="0" tests="2" name="testCases.Tc3_movies" time="18.497" errors="0" timestamp="2024-04-02T12:03:01 IST" skipped="0">
  <testcase classname="testCases.Tc3_movies" name="movies_test1" time="9.013"/>
  <system-out/>
  <testcase classname="testCases.Tc3_movies" name="movies_test2" time="9.484"/>
  <system-out/>
</testsuite> <!-- testCases.Tc3_movies -->
