<?xml version="1.0" encoding="UTF-8"?>
<!-- Generated by org.testng.reporters.JUnitReportReporter -->
<testsuite hostname="LTIN205499" failures="0" tests="1" name="testCases.Tc3_movies" time="9.007" errors="0" timestamp="2024-03-28T10:44:03 IST" skipped="0">
  <testcase classname="testCases.Tc3_movies" name="f" time="9.007"/>
  <system-out/>
</testsuite> <!-- testCases.Tc3_movies -->
