<?xml version="1.0" encoding="UTF-8"?>
<!-- Generated by org.testng.reporters.JUnitReportReporter -->
<testsuite hostname="LTIN205499" failures="0" tests="1" name="testCases.Tc2_clicksports" time="11.402" errors="0" timestamp="2024-04-02T12:03:01 IST" skipped="0">
  <testcase classname="testCases.Tc2_clicksports" name="sport_test1" time="11.402"/>
  <system-out/>
</testsuite> <!-- testCases.Tc2_clicksports -->
