<?xml version="1.0" encoding="UTF-8"?>
<!-- Generated by org.testng.reporters.JUnitReportReporter -->
<testsuite hostname="LTIN205499" failures="0" tests="1" name="testCases.Tc1_city" time="9.589" errors="0" timestamp="2024-04-02T12:03:01 IST" skipped="0">
  <testcase classname="testCases.Tc1_city" name="city_test1" time="9.589"/>
  <system-out/>
</testsuite> <!-- testCases.Tc1_city -->
