<?xml version="1.0" encoding="UTF-8"?>
<!-- Generated by org.testng.reporters.JUnitReportReporter -->
<testsuite hostname="LTIN205499" failures="0" tests="1" name="testCases.Tc1_city" time="8.702" errors="0" timestamp="2024-03-28T10:44:03 IST" skipped="0">
  <testcase classname="testCases.Tc1_city" name="f" time="8.702"/>
  <system-out/>
</testsuite> <!-- testCases.Tc1_city -->
