<?xml version="1.0" encoding="UTF-8"?>
<!-- Generated by org.testng.reporters.JUnitReportReporter -->
<testsuite hostname="LTIN205499" failures="0" tests="1" name="testCases.Tc2_clicksports" time="17.307" errors="0" timestamp="2024-04-02T13:55:58 IST" skipped="0">
  <testcase classname="testCases.Tc2_clicksports" name="sport_test1" time="17.307"/>
  <system-out/>
</testsuite> <!-- testCases.Tc2_clicksports -->
