<?xml version="1.0" encoding="UTF-8"?>
<!-- Generated by org.testng.reporters.JUnitReportReporter -->
<testsuite hostname="LTIN205499" failures="0" tests="2" name="testCases.Tc3_movies" time="17.877" errors="0" timestamp="2024-04-02T13:55:58 IST" skipped="0">
  <testcase classname="testCases.Tc3_movies" name="movies_test1" time="8.630"/>
  <system-out/>
  <testcase classname="testCases.Tc3_movies" name="movies_test2" time="9.247"/>
  <system-out/>
</testsuite> <!-- testCases.Tc3_movies -->
