<?xml version="1.0" encoding="UTF-8"?>
<!-- Generated by org.testng.reporters.JUnitReportReporter -->
<testsuite hostname="LTIN205499" failures="0" tests="4" name="testCases.Tc4_clickSignin" time="30.406" errors="0" timestamp="2024-04-02T13:55:58 IST" skipped="0">
  <testcase classname="testCases.Tc4_clickSignin" name="test1" time="0.368"/>
  <system-out/>
  <testcase classname="testCases.Tc4_clickSignin" name="test2" time="11.250"/>
  <system-out/>
  <testcase classname="testCases.Tc4_clickSignin" name="test3" time="7.914"/>
  <system-out/>
  <testcase classname="testCases.Tc4_clickSignin" name="test4" time="10.874"/>
  <system-out/>
</testsuite> <!-- testCases.Tc4_clickSignin -->
